<?xml version="1.0" encoding="UTF-8"?>
<robot generator="Robot 4.1.3 (Python 3.10.2 on win32)" generated="20220214 20:37:26.285" rpa="false" schemaversion="2">
<suite id="s1" name="Login2 Valid Credential Suite" source="C:\Users\Anusha\Desktop\RFP\robot_fw_project\freshteam_login_suite\login2_valid_credential_suite.robot">
<test id="s1-t1" name="TC1">
<kw name="Launch Browser" library="common_functionality" type="SETUP">
<kw name="Set Local Variable" library="BuiltIn">
<arg>${driver}</arg>
<arg>chromedriver.exe</arg>
<doc>Makes a variable available everywhere within the local scope.</doc>
<msg timestamp="20220214 20:37:26.644" level="INFO">${driver} = chromedriver.exe</msg>
<status status="PASS" starttime="20220214 20:37:26.644" endtime="20220214 20:37:26.644"/>
</kw>
<if>
<branch type="IF" condition="'${BROWSER_NAME}' == 'firefox'">
<kw name="Set Local Variable" library="BuiltIn">
<arg>${driver}</arg>
<arg>geckodriver.exe</arg>
<doc>Makes a variable available everywhere within the local scope.</doc>
<status status="NOT RUN" starttime="20220214 20:37:26.644" endtime="20220214 20:37:26.644"/>
</kw>
<status status="NOT RUN" starttime="20220214 20:37:26.644" endtime="20220214 20:37:26.644"/>
</branch>
<branch type="ELSE IF" condition="'${BROWSER_NAME}' == 'edge'">
<kw name="Set Local Variable" library="BuiltIn">
<arg>${driver}</arg>
<arg>msedgedriver.exe</arg>
<doc>Makes a variable available everywhere within the local scope.</doc>
<msg timestamp="20220214 20:37:26.644" level="INFO">${driver} = msedgedriver.exe</msg>
<status status="PASS" starttime="20220214 20:37:26.644" endtime="20220214 20:37:26.644"/>
</kw>
<status status="PASS" starttime="20220214 20:37:26.644" endtime="20220214 20:37:26.644"/>
</branch>
<branch type="ELSE IF" condition="'${BROWSER_NAME}' == 'safari'">
<kw name="Set Local Variable" library="BuiltIn">
<arg>${driver}</arg>
<arg>safaridriver.exe</arg>
<doc>Makes a variable available everywhere within the local scope.</doc>
<status status="NOT RUN" starttime="20220214 20:37:26.644" endtime="20220214 20:37:26.644"/>
</kw>
<status status="NOT RUN" starttime="20220214 20:37:26.644" endtime="20220214 20:37:26.644"/>
</branch>
<status status="PASS" starttime="20220214 20:37:26.644" endtime="20220214 20:37:26.644"/>
</if>
<kw name="Open Browser" library="SeleniumLibrary">
<arg>browser=${BROWSER_NAME}</arg>
<arg>executable_path=${EXECDIR}${/}drivers${/}${driver}</arg>
<doc>Opens a new browser instance to the optional ``url``.</doc>
<msg timestamp="20220214 20:37:26.660" level="INFO">Opening browser 'edge' to base url 'None'.</msg>
<status status="PASS" starttime="20220214 20:37:26.644" endtime="20220214 20:37:28.130"/>
</kw>
<kw name="Maximize Browser Window" library="SeleniumLibrary">
<doc>Maximizes current browser window.</doc>
<status status="PASS" starttime="20220214 20:37:28.130" endtime="20220214 20:37:28.257"/>
</kw>
<kw name="Set Selenium Implicit Wait" library="SeleniumLibrary">
<arg>30s</arg>
<doc>Sets the implicit wait value used by Selenium.</doc>
<status status="PASS" starttime="20220214 20:37:28.257" endtime="20220214 20:37:28.260"/>
</kw>
<kw name="Set Selenium Speed" library="SeleniumLibrary">
<arg>1s</arg>
<doc>Sets the delay that is waited after each Selenium command.</doc>
<status status="PASS" starttime="20220214 20:37:28.260" endtime="20220214 20:37:28.260"/>
</kw>
<kw name="Set Screenshot Directory" library="SeleniumLibrary">
<arg>${EXECDIR}${/}screenshot</arg>
<doc>Sets the directory for captured screenshots.</doc>
<status status="PASS" starttime="20220214 20:37:28.261" endtime="20220214 20:37:28.261"/>
</kw>
<kw name="Go To" library="SeleniumLibrary">
<arg>url=${URL}</arg>
<doc>Navigates the current browser window to the provided ``url``.</doc>
<msg timestamp="20220214 20:37:28.262" level="INFO">Opening url 'https://www.freshworks.com/hrms/login/'</msg>
<status status="PASS" starttime="20220214 20:37:28.262" endtime="20220214 20:37:36.208"/>
</kw>
<kw name="Click Element" library="SeleniumLibrary">
<arg>id=onetrust-accept-btn-handler</arg>
<doc>Click the element identified by ``locator``.</doc>
<msg timestamp="20220214 20:37:36.208" level="INFO">Clicking element 'id=onetrust-accept-btn-handler'.</msg>
<status status="PASS" starttime="20220214 20:37:36.208" endtime="20220214 20:37:38.341"/>
</kw>
<kw name="Click Element" library="SeleniumLibrary">
<arg>link=Pricing</arg>
<doc>Click the element identified by ``locator``.</doc>
<msg timestamp="20220214 20:37:38.341" level="INFO">Clicking element 'link=Pricing'.</msg>
<status status="PASS" starttime="20220214 20:37:38.341" endtime="20220214 20:37:43.964"/>
</kw>
<kw name="Click Element" library="SeleniumLibrary">
<arg>xpath=//a[normalize-space()='Sign Up For Free']</arg>
<doc>Click the element identified by ``locator``.</doc>
<msg timestamp="20220214 20:37:43.964" level="INFO">Clicking element 'xpath=//a[normalize-space()='Sign Up For Free']'.</msg>
<status status="PASS" starttime="20220214 20:37:43.964" endtime="20220214 20:37:48.906"/>
</kw>
<status status="PASS" starttime="20220214 20:37:26.644" endtime="20220214 20:37:48.906"/>
</kw>
<kw name="Valid Credential Template">
<arg>Zoya</arg>
<arg>Mehta</arg>
<arg>Zoyamehta@gmail.com</arg>
<arg>Spirits</arg>
<arg>9870012345</arg>
<arg>Europe</arg>
<kw name="Input Text" library="SeleniumLibrary">
<arg>name=first-name</arg>
<arg>${fname}</arg>
<doc>Types the given ``text`` into the text field identified by ``locator``.</doc>
<msg timestamp="20220214 20:37:48.906" level="INFO">Typing text 'Zoya' into text field 'name=first-name'.</msg>
<status status="PASS" starttime="20220214 20:37:48.906" endtime="20220214 20:37:52.195"/>
</kw>
<kw name="Input Text" library="SeleniumLibrary">
<arg>name=last-name</arg>
<arg>${lname}</arg>
<doc>Types the given ``text`` into the text field identified by ``locator``.</doc>
<msg timestamp="20220214 20:37:52.195" level="INFO">Typing text 'Mehta' into text field 'name=last-name'.</msg>
<status status="PASS" starttime="20220214 20:37:52.195" endtime="20220214 20:37:55.496"/>
</kw>
<kw name="Input Text" library="SeleniumLibrary">
<arg>name=email</arg>
<arg>${email}</arg>
<doc>Types the given ``text`` into the text field identified by ``locator``.</doc>
<msg timestamp="20220214 20:37:55.496" level="INFO">Typing text 'Zoyamehta@gmail.com' into text field 'name=email'.</msg>
<status status="PASS" starttime="20220214 20:37:55.496" endtime="20220214 20:37:58.754"/>
</kw>
<kw name="Input Text" library="SeleniumLibrary">
<arg>name=company</arg>
<arg>${company}</arg>
<doc>Types the given ``text`` into the text field identified by ``locator``.</doc>
<msg timestamp="20220214 20:37:58.754" level="INFO">Typing text 'Spirits' into text field 'name=company'.</msg>
<status status="PASS" starttime="20220214 20:37:58.754" endtime="20220214 20:38:02.049"/>
</kw>
<kw name="Input Text" library="SeleniumLibrary">
<arg>name=phone</arg>
<arg>${phone}</arg>
<doc>Types the given ``text`` into the text field identified by ``locator``.</doc>
<msg timestamp="20220214 20:38:02.049" level="INFO">Typing text '9870012345' into text field 'name=phone'.</msg>
<status status="PASS" starttime="20220214 20:38:02.049" endtime="20220214 20:38:05.327"/>
</kw>
<kw name="Click Element" library="SeleniumLibrary">
<arg>link=Change</arg>
<doc>Click the element identified by ``locator``.</doc>
<msg timestamp="20220214 20:38:05.327" level="INFO">Clicking element 'link=Change'.</msg>
<status status="PASS" starttime="20220214 20:38:05.327" endtime="20220214 20:38:07.672"/>
</kw>
<kw name="Select From List By Label" library="SeleniumLibrary">
<arg>name=data-center-dropdown</arg>
<arg>${place}</arg>
<doc>Selects options from selection list ``locator`` by ``labels``.</doc>
<msg timestamp="20220214 20:38:07.672" level="INFO">Selecting options from selection list 'name=data-center-dropdown' by label Europe.</msg>
<status status="PASS" starttime="20220214 20:38:07.672" endtime="20220214 20:38:14.890"/>
</kw>
<kw name="Click Element" library="SeleniumLibrary">
<arg>xpath=//input[@value='Sign up for Free']</arg>
<doc>Click the element identified by ``locator``.</doc>
<msg timestamp="20220214 20:38:14.890" level="INFO">Clicking element 'xpath=//input[@value='Sign up for Free']'.</msg>
<status status="PASS" starttime="20220214 20:38:14.890" endtime="20220214 20:38:17.104"/>
</kw>
<status status="PASS" starttime="20220214 20:37:48.906" endtime="20220214 20:38:17.105"/>
</kw>
<kw name="End Browser" library="common_functionality" type="TEARDOWN">
<kw name="Capture Page Screenshot" library="SeleniumLibrary">
<doc>Takes a screenshot of the current page and embeds it into a log file.</doc>
<msg timestamp="20220214 20:38:18.365" level="INFO" html="true">&lt;/td&gt;&lt;/tr&gt;&lt;tr&gt;&lt;td colspan="3"&gt;&lt;a href="screenshot/selenium-screenshot-3.png"&gt;&lt;img src="screenshot/selenium-screenshot-3.png" width="800px"&gt;&lt;/a&gt;</msg>
<status status="PASS" starttime="20220214 20:38:17.108" endtime="20220214 20:38:18.365"/>
</kw>
<kw name="Set Selenium Implicit Wait" library="SeleniumLibrary">
<arg>5s</arg>
<doc>Sets the implicit wait value used by Selenium.</doc>
<status status="PASS" starttime="20220214 20:38:18.365" endtime="20220214 20:38:19.372"/>
</kw>
<kw name="Close Browser" library="SeleniumLibrary">
<doc>Closes the current browser.</doc>
<status status="PASS" starttime="20220214 20:38:19.372" endtime="20220214 20:38:22.547"/>
</kw>
<status status="PASS" starttime="20220214 20:38:17.107" endtime="20220214 20:38:22.547"/>
</kw>
<status status="PASS" starttime="20220214 20:37:26.644" endtime="20220214 20:38:22.547"/>
</test>
<test id="s1-t2" name="TC2">
<kw name="Launch Browser" library="common_functionality" type="SETUP">
<kw name="Set Local Variable" library="BuiltIn">
<arg>${driver}</arg>
<arg>chromedriver.exe</arg>
<doc>Makes a variable available everywhere within the local scope.</doc>
<msg timestamp="20220214 20:38:22.547" level="INFO">${driver} = chromedriver.exe</msg>
<status status="PASS" starttime="20220214 20:38:22.547" endtime="20220214 20:38:22.547"/>
</kw>
<if>
<branch type="IF" condition="'${BROWSER_NAME}' == 'firefox'">
<kw name="Set Local Variable" library="BuiltIn">
<arg>${driver}</arg>
<arg>geckodriver.exe</arg>
<doc>Makes a variable available everywhere within the local scope.</doc>
<status status="NOT RUN" starttime="20220214 20:38:22.547" endtime="20220214 20:38:22.547"/>
</kw>
<status status="NOT RUN" starttime="20220214 20:38:22.547" endtime="20220214 20:38:22.547"/>
</branch>
<branch type="ELSE IF" condition="'${BROWSER_NAME}' == 'edge'">
<kw name="Set Local Variable" library="BuiltIn">
<arg>${driver}</arg>
<arg>msedgedriver.exe</arg>
<doc>Makes a variable available everywhere within the local scope.</doc>
<msg timestamp="20220214 20:38:22.562" level="INFO">${driver} = msedgedriver.exe</msg>
<status status="PASS" starttime="20220214 20:38:22.547" endtime="20220214 20:38:22.562"/>
</kw>
<status status="PASS" starttime="20220214 20:38:22.547" endtime="20220214 20:38:22.562"/>
</branch>
<branch type="ELSE IF" condition="'${BROWSER_NAME}' == 'safari'">
<kw name="Set Local Variable" library="BuiltIn">
<arg>${driver}</arg>
<arg>safaridriver.exe</arg>
<doc>Makes a variable available everywhere within the local scope.</doc>
<status status="NOT RUN" starttime="20220214 20:38:22.562" endtime="20220214 20:38:22.562"/>
</kw>
<status status="NOT RUN" starttime="20220214 20:38:22.562" endtime="20220214 20:38:22.562"/>
</branch>
<status status="PASS" starttime="20220214 20:38:22.547" endtime="20220214 20:38:22.562"/>
</if>
<kw name="Open Browser" library="SeleniumLibrary">
<arg>browser=${BROWSER_NAME}</arg>
<arg>executable_path=${EXECDIR}${/}drivers${/}${driver}</arg>
<doc>Opens a new browser instance to the optional ``url``.</doc>
<msg timestamp="20220214 20:38:22.562" level="INFO">Opening browser 'edge' to base url 'None'.</msg>
<status status="PASS" starttime="20220214 20:38:22.562" endtime="20220214 20:38:23.737"/>
</kw>
<kw name="Maximize Browser Window" library="SeleniumLibrary">
<doc>Maximizes current browser window.</doc>
<status status="PASS" starttime="20220214 20:38:23.737" endtime="20220214 20:38:24.857"/>
</kw>
<kw name="Set Selenium Implicit Wait" library="SeleniumLibrary">
<arg>30s</arg>
<doc>Sets the implicit wait value used by Selenium.</doc>
<status status="PASS" starttime="20220214 20:38:24.858" endtime="20220214 20:38:25.874"/>
</kw>
<kw name="Set Selenium Speed" library="SeleniumLibrary">
<arg>1s</arg>
<doc>Sets the delay that is waited after each Selenium command.</doc>
<status status="PASS" starttime="20220214 20:38:25.874" endtime="20220214 20:38:25.874"/>
</kw>
<kw name="Set Screenshot Directory" library="SeleniumLibrary">
<arg>${EXECDIR}${/}screenshot</arg>
<doc>Sets the directory for captured screenshots.</doc>
<status status="PASS" starttime="20220214 20:38:25.874" endtime="20220214 20:38:25.874"/>
</kw>
<kw name="Go To" library="SeleniumLibrary">
<arg>url=${URL}</arg>
<doc>Navigates the current browser window to the provided ``url``.</doc>
<msg timestamp="20220214 20:38:25.874" level="INFO">Opening url 'https://www.freshworks.com/hrms/login/'</msg>
<status status="PASS" starttime="20220214 20:38:25.874" endtime="20220214 20:38:32.935"/>
</kw>
<kw name="Click Element" library="SeleniumLibrary">
<arg>id=onetrust-accept-btn-handler</arg>
<doc>Click the element identified by ``locator``.</doc>
<msg timestamp="20220214 20:38:32.935" level="INFO">Clicking element 'id=onetrust-accept-btn-handler'.</msg>
<status status="PASS" starttime="20220214 20:38:32.935" endtime="20220214 20:38:35.177"/>
</kw>
<kw name="Click Element" library="SeleniumLibrary">
<arg>link=Pricing</arg>
<doc>Click the element identified by ``locator``.</doc>
<msg timestamp="20220214 20:38:35.177" level="INFO">Clicking element 'link=Pricing'.</msg>
<status status="PASS" starttime="20220214 20:38:35.177" endtime="20220214 20:38:40.234"/>
</kw>
<kw name="Click Element" library="SeleniumLibrary">
<arg>xpath=//a[normalize-space()='Sign Up For Free']</arg>
<doc>Click the element identified by ``locator``.</doc>
<msg timestamp="20220214 20:38:40.234" level="INFO">Clicking element 'xpath=//a[normalize-space()='Sign Up For Free']'.</msg>
<status status="PASS" starttime="20220214 20:38:40.234" endtime="20220214 20:38:44.109"/>
</kw>
<status status="PASS" starttime="20220214 20:38:22.547" endtime="20220214 20:38:44.109"/>
</kw>
<kw name="Valid Credential Template">
<arg>Harshad</arg>
<arg>Chopda</arg>
<arg>harshad1@gmail.com</arg>
<arg>Spirits</arg>
<arg>9870011009</arg>
<arg>Europe</arg>
<kw name="Input Text" library="SeleniumLibrary">
<arg>name=first-name</arg>
<arg>${fname}</arg>
<doc>Types the given ``text`` into the text field identified by ``locator``.</doc>
<msg timestamp="20220214 20:38:44.109" level="INFO">Typing text 'Harshad' into text field 'name=first-name'.</msg>
<status status="PASS" starttime="20220214 20:38:44.109" endtime="20220214 20:38:47.337"/>
</kw>
<kw name="Input Text" library="SeleniumLibrary">
<arg>name=last-name</arg>
<arg>${lname}</arg>
<doc>Types the given ``text`` into the text field identified by ``locator``.</doc>
<msg timestamp="20220214 20:38:47.339" level="INFO">Typing text 'Chopda' into text field 'name=last-name'.</msg>
<status status="PASS" starttime="20220214 20:38:47.337" endtime="20220214 20:38:50.603"/>
</kw>
<kw name="Input Text" library="SeleniumLibrary">
<arg>name=email</arg>
<arg>${email}</arg>
<doc>Types the given ``text`` into the text field identified by ``locator``.</doc>
<msg timestamp="20220214 20:38:50.603" level="INFO">Typing text 'harshad1@gmail.com' into text field 'name=email'.</msg>
<status status="PASS" starttime="20220214 20:38:50.603" endtime="20220214 20:38:53.848"/>
</kw>
<kw name="Input Text" library="SeleniumLibrary">
<arg>name=company</arg>
<arg>${company}</arg>
<doc>Types the given ``text`` into the text field identified by ``locator``.</doc>
<msg timestamp="20220214 20:38:53.848" level="INFO">Typing text 'Spirits' into text field 'name=company'.</msg>
<status status="PASS" starttime="20220214 20:38:53.848" endtime="20220214 20:38:57.029"/>
</kw>
<kw name="Input Text" library="SeleniumLibrary">
<arg>name=phone</arg>
<arg>${phone}</arg>
<doc>Types the given ``text`` into the text field identified by ``locator``.</doc>
<msg timestamp="20220214 20:38:57.029" level="INFO">Typing text '9870011009' into text field 'name=phone'.</msg>
<status status="PASS" starttime="20220214 20:38:57.029" endtime="20220214 20:39:00.256"/>
</kw>
<kw name="Click Element" library="SeleniumLibrary">
<arg>link=Change</arg>
<doc>Click the element identified by ``locator``.</doc>
<msg timestamp="20220214 20:39:00.256" level="INFO">Clicking element 'link=Change'.</msg>
<status status="PASS" starttime="20220214 20:39:00.256" endtime="20220214 20:39:02.565"/>
</kw>
<kw name="Select From List By Label" library="SeleniumLibrary">
<arg>name=data-center-dropdown</arg>
<arg>${place}</arg>
<doc>Selects options from selection list ``locator`` by ``labels``.</doc>
<msg timestamp="20220214 20:39:02.565" level="INFO">Selecting options from selection list 'name=data-center-dropdown' by label Europe.</msg>
<status status="PASS" starttime="20220214 20:39:02.565" endtime="20220214 20:39:09.771"/>
</kw>
<kw name="Click Element" library="SeleniumLibrary">
<arg>xpath=//input[@value='Sign up for Free']</arg>
<doc>Click the element identified by ``locator``.</doc>
<msg timestamp="20220214 20:39:09.771" level="INFO">Clicking element 'xpath=//input[@value='Sign up for Free']'.</msg>
<status status="PASS" starttime="20220214 20:39:09.771" endtime="20220214 20:39:11.968"/>
</kw>
<status status="PASS" starttime="20220214 20:38:44.109" endtime="20220214 20:39:11.968"/>
</kw>
<kw name="End Browser" library="common_functionality" type="TEARDOWN">
<kw name="Capture Page Screenshot" library="SeleniumLibrary">
<doc>Takes a screenshot of the current page and embeds it into a log file.</doc>
<msg timestamp="20220214 20:39:13.251" level="INFO" html="true">&lt;/td&gt;&lt;/tr&gt;&lt;tr&gt;&lt;td colspan="3"&gt;&lt;a href="screenshot/selenium-screenshot-4.png"&gt;&lt;img src="screenshot/selenium-screenshot-4.png" width="800px"&gt;&lt;/a&gt;</msg>
<status status="PASS" starttime="20220214 20:39:11.968" endtime="20220214 20:39:13.251"/>
</kw>
<kw name="Set Selenium Implicit Wait" library="SeleniumLibrary">
<arg>5s</arg>
<doc>Sets the implicit wait value used by Selenium.</doc>
<status status="PASS" starttime="20220214 20:39:13.252" endtime="20220214 20:39:14.258"/>
</kw>
<kw name="Close Browser" library="SeleniumLibrary">
<doc>Closes the current browser.</doc>
<status status="PASS" starttime="20220214 20:39:14.259" endtime="20220214 20:39:17.418"/>
</kw>
<status status="PASS" starttime="20220214 20:39:11.968" endtime="20220214 20:39:17.418"/>
</kw>
<status status="PASS" starttime="20220214 20:38:22.547" endtime="20220214 20:39:17.418"/>
</test>
<doc>this file verifes the test cases for a new person to login</doc>
<status status="PASS" starttime="20220214 20:37:26.285" endtime="20220214 20:39:17.418"/>
</suite>
<statistics>
<total>
<stat pass="2" fail="0" skip="0">All Tests</stat>
</total>
<tag>
</tag>
<suite>
<stat pass="2" fail="0" skip="0" id="s1" name="Login2 Valid Credential Suite">Login2 Valid Credential Suite</stat>
</suite>
</statistics>
<errors>
</errors>
</robot>
