<?xml version="1.0" encoding="UTF-8"?>
<robot generator="Robot 4.1.3 (Python 3.10.2 on win32)" generated="20220214 20:26:34.619" rpa="false" schemaversion="2">
<suite id="s1" name="Invalid Message Suite" source="C:\Users\Anusha\Desktop\RFP\robot_fw_project\freshteam_login_suite\invalid_message_suite.robot">
<test id="s1-t1" name="TC3">
<kw name="Launch Browser" library="common_functionality" type="SETUP">
<kw name="Set Local Variable" library="BuiltIn">
<arg>${driver}</arg>
<arg>chromedriver.exe</arg>
<doc>Makes a variable available everywhere within the local scope.</doc>
<msg timestamp="20220214 20:26:35.790" level="INFO">${driver} = chromedriver.exe</msg>
<status status="PASS" starttime="20220214 20:26:35.775" endtime="20220214 20:26:35.790"/>
</kw>
<if>
<branch type="IF" condition="'${BROWSER_NAME}' == 'firefox'">
<kw name="Set Local Variable" library="BuiltIn">
<arg>${driver}</arg>
<arg>geckodriver.exe</arg>
<doc>Makes a variable available everywhere within the local scope.</doc>
<status status="NOT RUN" starttime="20220214 20:26:35.790" endtime="20220214 20:26:35.790"/>
</kw>
<status status="NOT RUN" starttime="20220214 20:26:35.790" endtime="20220214 20:26:35.790"/>
</branch>
<branch type="ELSE IF" condition="'${BROWSER_NAME}' == 'edge'">
<kw name="Set Local Variable" library="BuiltIn">
<arg>${driver}</arg>
<arg>msedgedriver.exe</arg>
<doc>Makes a variable available everywhere within the local scope.</doc>
<msg timestamp="20220214 20:26:35.790" level="INFO">${driver} = msedgedriver.exe</msg>
<status status="PASS" starttime="20220214 20:26:35.790" endtime="20220214 20:26:35.790"/>
</kw>
<status status="PASS" starttime="20220214 20:26:35.790" endtime="20220214 20:26:35.790"/>
</branch>
<branch type="ELSE IF" condition="'${BROWSER_NAME}' == 'safari'">
<kw name="Set Local Variable" library="BuiltIn">
<arg>${driver}</arg>
<arg>safaridriver.exe</arg>
<doc>Makes a variable available everywhere within the local scope.</doc>
<status status="NOT RUN" starttime="20220214 20:26:35.790" endtime="20220214 20:26:35.790"/>
</kw>
<status status="NOT RUN" starttime="20220214 20:26:35.790" endtime="20220214 20:26:35.790"/>
</branch>
<status status="PASS" starttime="20220214 20:26:35.790" endtime="20220214 20:26:35.790"/>
</if>
<kw name="Open Browser" library="SeleniumLibrary">
<arg>browser=${BROWSER_NAME}</arg>
<arg>executable_path=${EXECDIR}${/}drivers${/}${driver}</arg>
<doc>Opens a new browser instance to the optional ``url``.</doc>
<msg timestamp="20220214 20:26:35.790" level="INFO">Opening browser 'edge' to base url 'None'.</msg>
<status status="PASS" starttime="20220214 20:26:35.790" endtime="20220214 20:26:37.414"/>
</kw>
<kw name="Maximize Browser Window" library="SeleniumLibrary">
<doc>Maximizes current browser window.</doc>
<status status="PASS" starttime="20220214 20:26:37.414" endtime="20220214 20:26:37.529"/>
</kw>
<kw name="Set Selenium Implicit Wait" library="SeleniumLibrary">
<arg>30s</arg>
<doc>Sets the implicit wait value used by Selenium.</doc>
<status status="PASS" starttime="20220214 20:26:37.529" endtime="20220214 20:26:37.530"/>
</kw>
<kw name="Set Selenium Speed" library="SeleniumLibrary">
<arg>1s</arg>
<doc>Sets the delay that is waited after each Selenium command.</doc>
<status status="PASS" starttime="20220214 20:26:37.530" endtime="20220214 20:26:37.531"/>
</kw>
<kw name="Set Screenshot Directory" library="SeleniumLibrary">
<arg>${EXECDIR}${/}screenshot</arg>
<doc>Sets the directory for captured screenshots.</doc>
<status status="PASS" starttime="20220214 20:26:37.531" endtime="20220214 20:26:37.531"/>
</kw>
<kw name="Go To" library="SeleniumLibrary">
<arg>url=${URL}</arg>
<doc>Navigates the current browser window to the provided ``url``.</doc>
<msg timestamp="20220214 20:26:37.532" level="INFO">Opening url 'https://www.freshworks.com/hrms/login/'</msg>
<status status="PASS" starttime="20220214 20:26:37.531" endtime="20220214 20:26:45.417"/>
</kw>
<kw name="Click Element" library="SeleniumLibrary">
<arg>id=onetrust-accept-btn-handler</arg>
<doc>Click the element identified by ``locator``.</doc>
<msg timestamp="20220214 20:26:45.417" level="INFO">Clicking element 'id=onetrust-accept-btn-handler'.</msg>
<status status="PASS" starttime="20220214 20:26:45.417" endtime="20220214 20:26:47.661"/>
</kw>
<kw name="Click Element" library="SeleniumLibrary">
<arg>link=Pricing</arg>
<doc>Click the element identified by ``locator``.</doc>
<msg timestamp="20220214 20:26:47.663" level="INFO">Clicking element 'link=Pricing'.</msg>
<status status="PASS" starttime="20220214 20:26:47.662" endtime="20220214 20:26:53.447"/>
</kw>
<kw name="Click Element" library="SeleniumLibrary">
<arg>xpath=//a[normalize-space()='Sign Up For Free']</arg>
<doc>Click the element identified by ``locator``.</doc>
<msg timestamp="20220214 20:26:53.449" level="INFO">Clicking element 'xpath=//a[normalize-space()='Sign Up For Free']'.</msg>
<status status="PASS" starttime="20220214 20:26:53.448" endtime="20220214 20:26:58.615"/>
</kw>
<status status="PASS" starttime="20220214 20:26:35.775" endtime="20220214 20:26:58.615"/>
</kw>
<kw name="Verify Invalid Credential Template">
<arg>Mehta</arg>
<arg>zoyamehta@gmail.com</arg>
<arg>Spirits</arg>
<arg>9870012345</arg>
<arg>Europe</arg>
<kw name="Enter Firstname" library="login_page">
<arg>${fname}</arg>
<kw name="Input Text" library="SeleniumLibrary">
<arg>${FNAME_LOCATOR}</arg>
<arg>${fname}</arg>
<doc>Types the given ``text`` into the text field identified by ``locator``.</doc>
<msg timestamp="20220214 20:26:58.615" level="INFO">Typing text '' into text field 'name=first-name'.</msg>
<status status="PASS" starttime="20220214 20:26:58.615" endtime="20220214 20:27:01.889"/>
</kw>
<status status="PASS" starttime="20220214 20:26:58.615" endtime="20220214 20:27:01.889"/>
</kw>
<kw name="Enter Lastname" library="login_page">
<arg>${lname}</arg>
<kw name="Input Text" library="SeleniumLibrary">
<arg>${LNAME_LOCATOR}</arg>
<arg>${lname}</arg>
<doc>Types the given ``text`` into the text field identified by ``locator``.</doc>
<msg timestamp="20220214 20:27:01.889" level="INFO">Typing text 'Mehta' into text field 'name=last-name'.</msg>
<status status="PASS" starttime="20220214 20:27:01.889" endtime="20220214 20:27:05.150"/>
</kw>
<status status="PASS" starttime="20220214 20:27:01.889" endtime="20220214 20:27:05.150"/>
</kw>
<kw name="Enter Email" library="login_page">
<arg>${email}</arg>
<kw name="Input Text" library="SeleniumLibrary">
<arg>${EMAIL_LOCATOR}</arg>
<arg>${email}</arg>
<doc>Types the given ``text`` into the text field identified by ``locator``.</doc>
<msg timestamp="20220214 20:27:05.150" level="INFO">Typing text 'zoyamehta@gmail.com' into text field 'name=email'.</msg>
<status status="PASS" starttime="20220214 20:27:05.150" endtime="20220214 20:27:08.377"/>
</kw>
<status status="PASS" starttime="20220214 20:27:05.150" endtime="20220214 20:27:08.377"/>
</kw>
<kw name="Enter Company Name" library="login_page">
<arg>${company}</arg>
<kw name="Input Text" library="SeleniumLibrary">
<arg>${COMPANY_LOCATOR}</arg>
<arg>${company}</arg>
<doc>Types the given ``text`` into the text field identified by ``locator``.</doc>
<msg timestamp="20220214 20:27:08.377" level="INFO">Typing text 'Spirits' into text field 'name=company'.</msg>
<status status="PASS" starttime="20220214 20:27:08.377" endtime="20220214 20:27:11.640"/>
</kw>
<status status="PASS" starttime="20220214 20:27:08.377" endtime="20220214 20:27:11.640"/>
</kw>
<kw name="Enter Phone Number" library="login_page">
<arg>${phone}</arg>
<kw name="Input Text" library="SeleniumLibrary">
<arg>${PHONE_LOCATOR}</arg>
<arg>${phone}</arg>
<doc>Types the given ``text`` into the text field identified by ``locator``.</doc>
<msg timestamp="20220214 20:27:11.640" level="INFO">Typing text '9870012345' into text field 'name=phone'.</msg>
<status status="PASS" starttime="20220214 20:27:11.640" endtime="20220214 20:27:14.902"/>
</kw>
<status status="PASS" starttime="20220214 20:27:11.640" endtime="20220214 20:27:14.902"/>
</kw>
<kw name="Click Element" library="SeleniumLibrary">
<arg>link=Change</arg>
<doc>Click the element identified by ``locator``.</doc>
<msg timestamp="20220214 20:27:14.902" level="INFO">Clicking element 'link=Change'.</msg>
<status status="PASS" starttime="20220214 20:27:14.902" endtime="20220214 20:27:17.213"/>
</kw>
<kw name="Select From List By Label" library="SeleniumLibrary">
<arg>name=data-center-dropdown</arg>
<arg>${place}</arg>
<doc>Selects options from selection list ``locator`` by ``labels``.</doc>
<msg timestamp="20220214 20:27:17.213" level="INFO">Selecting options from selection list 'name=data-center-dropdown' by label Europe.</msg>
<status status="PASS" starttime="20220214 20:27:17.213" endtime="20220214 20:27:24.399"/>
</kw>
<kw name="Click Element" library="SeleniumLibrary">
<arg>xpath=//input[@value='Sign up for Free']</arg>
<doc>Click the element identified by ``locator``.</doc>
<msg timestamp="20220214 20:27:24.399" level="INFO">Clicking element 'xpath=//input[@value='Sign up for Free']'.</msg>
<status status="PASS" starttime="20220214 20:27:24.399" endtime="20220214 20:27:26.598"/>
</kw>
<kw name="Run Keyword And Ignore Error" library="BuiltIn">
<arg>Click Element</arg>
<arg>xpath=//div[contains(text(),'First name is required']</arg>
<arg>${expected_error}</arg>
<doc>Runs the given keyword with the given arguments and ignores possible error.</doc>
<kw name="Click Element" library="SeleniumLibrary">
<arg>xpath=//div[contains(text(),'First name is required']</arg>
<arg>${expected_error}</arg>
<doc>Click the element identified by ``locator``.</doc>
<msg timestamp="20220214 20:27:26.598" level="FAIL">Variable '${expected_error}' not found.</msg>
<status status="FAIL" starttime="20220214 20:27:26.598" endtime="20220214 20:27:26.598"/>
</kw>
<status status="PASS" starttime="20220214 20:27:26.598" endtime="20220214 20:27:26.598"/>
</kw>
<status status="PASS" starttime="20220214 20:26:58.615" endtime="20220214 20:27:26.598"/>
</kw>
<kw name="End Browser" library="common_functionality" type="TEARDOWN">
<kw name="Capture Page Screenshot" library="SeleniumLibrary">
<doc>Takes a screenshot of the current page and embeds it into a log file.</doc>
<msg timestamp="20220214 20:27:27.819" level="INFO" html="true">&lt;/td&gt;&lt;/tr&gt;&lt;tr&gt;&lt;td colspan="3"&gt;&lt;a href="screenshot/selenium-screenshot-1.png"&gt;&lt;img src="screenshot/selenium-screenshot-1.png" width="800px"&gt;&lt;/a&gt;</msg>
<status status="PASS" starttime="20220214 20:27:26.598" endtime="20220214 20:27:27.819"/>
</kw>
<kw name="Set Selenium Implicit Wait" library="SeleniumLibrary">
<arg>5s</arg>
<doc>Sets the implicit wait value used by Selenium.</doc>
<status status="PASS" starttime="20220214 20:27:27.819" endtime="20220214 20:27:28.822"/>
</kw>
<kw name="Close Browser" library="SeleniumLibrary">
<doc>Closes the current browser.</doc>
<status status="PASS" starttime="20220214 20:27:28.822" endtime="20220214 20:27:31.963"/>
</kw>
<status status="PASS" starttime="20220214 20:27:26.598" endtime="20220214 20:27:31.963"/>
</kw>
<status status="PASS" starttime="20220214 20:26:35.775" endtime="20220214 20:27:31.963"/>
</test>
<test id="s1-t2" name="TC3">
<kw name="Launch Browser" library="common_functionality" type="SETUP">
<kw name="Set Local Variable" library="BuiltIn">
<arg>${driver}</arg>
<arg>chromedriver.exe</arg>
<doc>Makes a variable available everywhere within the local scope.</doc>
<msg timestamp="20220214 20:27:31.979" level="INFO">${driver} = chromedriver.exe</msg>
<status status="PASS" starttime="20220214 20:27:31.963" endtime="20220214 20:27:31.979"/>
</kw>
<if>
<branch type="IF" condition="'${BROWSER_NAME}' == 'firefox'">
<kw name="Set Local Variable" library="BuiltIn">
<arg>${driver}</arg>
<arg>geckodriver.exe</arg>
<doc>Makes a variable available everywhere within the local scope.</doc>
<status status="NOT RUN" starttime="20220214 20:27:31.979" endtime="20220214 20:27:31.979"/>
</kw>
<status status="NOT RUN" starttime="20220214 20:27:31.979" endtime="20220214 20:27:31.979"/>
</branch>
<branch type="ELSE IF" condition="'${BROWSER_NAME}' == 'edge'">
<kw name="Set Local Variable" library="BuiltIn">
<arg>${driver}</arg>
<arg>msedgedriver.exe</arg>
<doc>Makes a variable available everywhere within the local scope.</doc>
<msg timestamp="20220214 20:27:31.979" level="INFO">${driver} = msedgedriver.exe</msg>
<status status="PASS" starttime="20220214 20:27:31.979" endtime="20220214 20:27:31.979"/>
</kw>
<status status="PASS" starttime="20220214 20:27:31.979" endtime="20220214 20:27:31.979"/>
</branch>
<branch type="ELSE IF" condition="'${BROWSER_NAME}' == 'safari'">
<kw name="Set Local Variable" library="BuiltIn">
<arg>${driver}</arg>
<arg>safaridriver.exe</arg>
<doc>Makes a variable available everywhere within the local scope.</doc>
<status status="NOT RUN" starttime="20220214 20:27:31.979" endtime="20220214 20:27:31.979"/>
</kw>
<status status="NOT RUN" starttime="20220214 20:27:31.979" endtime="20220214 20:27:31.979"/>
</branch>
<status status="PASS" starttime="20220214 20:27:31.979" endtime="20220214 20:27:31.979"/>
</if>
<kw name="Open Browser" library="SeleniumLibrary">
<arg>browser=${BROWSER_NAME}</arg>
<arg>executable_path=${EXECDIR}${/}drivers${/}${driver}</arg>
<doc>Opens a new browser instance to the optional ``url``.</doc>
<msg timestamp="20220214 20:27:31.979" level="INFO">Opening browser 'edge' to base url 'None'.</msg>
<status status="PASS" starttime="20220214 20:27:31.979" endtime="20220214 20:27:33.192"/>
</kw>
<kw name="Maximize Browser Window" library="SeleniumLibrary">
<doc>Maximizes current browser window.</doc>
<status status="PASS" starttime="20220214 20:27:33.192" endtime="20220214 20:27:34.323"/>
</kw>
<kw name="Set Selenium Implicit Wait" library="SeleniumLibrary">
<arg>30s</arg>
<doc>Sets the implicit wait value used by Selenium.</doc>
<status status="PASS" starttime="20220214 20:27:34.323" endtime="20220214 20:27:35.330"/>
</kw>
<kw name="Set Selenium Speed" library="SeleniumLibrary">
<arg>1s</arg>
<doc>Sets the delay that is waited after each Selenium command.</doc>
<status status="PASS" starttime="20220214 20:27:35.330" endtime="20220214 20:27:35.330"/>
</kw>
<kw name="Set Screenshot Directory" library="SeleniumLibrary">
<arg>${EXECDIR}${/}screenshot</arg>
<doc>Sets the directory for captured screenshots.</doc>
<status status="PASS" starttime="20220214 20:27:35.330" endtime="20220214 20:27:35.330"/>
</kw>
<kw name="Go To" library="SeleniumLibrary">
<arg>url=${URL}</arg>
<doc>Navigates the current browser window to the provided ``url``.</doc>
<msg timestamp="20220214 20:27:35.330" level="INFO">Opening url 'https://www.freshworks.com/hrms/login/'</msg>
<status status="PASS" starttime="20220214 20:27:35.330" endtime="20220214 20:27:51.628"/>
</kw>
<kw name="Click Element" library="SeleniumLibrary">
<arg>id=onetrust-accept-btn-handler</arg>
<doc>Click the element identified by ``locator``.</doc>
<msg timestamp="20220214 20:27:51.628" level="INFO">Clicking element 'id=onetrust-accept-btn-handler'.</msg>
<status status="PASS" starttime="20220214 20:27:51.628" endtime="20220214 20:27:53.851"/>
</kw>
<kw name="Click Element" library="SeleniumLibrary">
<arg>link=Pricing</arg>
<doc>Click the element identified by ``locator``.</doc>
<msg timestamp="20220214 20:27:53.851" level="INFO">Clicking element 'link=Pricing'.</msg>
<status status="PASS" starttime="20220214 20:27:53.851" endtime="20220214 20:27:58.846"/>
</kw>
<kw name="Click Element" library="SeleniumLibrary">
<arg>xpath=//a[normalize-space()='Sign Up For Free']</arg>
<doc>Click the element identified by ``locator``.</doc>
<msg timestamp="20220214 20:27:58.846" level="INFO">Clicking element 'xpath=//a[normalize-space()='Sign Up For Free']'.</msg>
<status status="PASS" starttime="20220214 20:27:58.846" endtime="20220214 20:28:02.734"/>
</kw>
<status status="PASS" starttime="20220214 20:27:31.963" endtime="20220214 20:28:02.734"/>
</kw>
<kw name="Verify Invalid Credential Template">
<arg>Chopda</arg>
<arg>harshadchopda1@gmail.com</arg>
<arg>Spirits</arg>
<arg>9870011009</arg>
<arg>Europe</arg>
<kw name="Enter Firstname" library="login_page">
<arg>${fname}</arg>
<kw name="Input Text" library="SeleniumLibrary">
<arg>${FNAME_LOCATOR}</arg>
<arg>${fname}</arg>
<doc>Types the given ``text`` into the text field identified by ``locator``.</doc>
<msg timestamp="20220214 20:28:02.734" level="INFO">Typing text '' into text field 'name=first-name'.</msg>
<status status="PASS" starttime="20220214 20:28:02.734" endtime="20220214 20:28:05.994"/>
</kw>
<status status="PASS" starttime="20220214 20:28:02.734" endtime="20220214 20:28:05.994"/>
</kw>
<kw name="Enter Lastname" library="login_page">
<arg>${lname}</arg>
<kw name="Input Text" library="SeleniumLibrary">
<arg>${LNAME_LOCATOR}</arg>
<arg>${lname}</arg>
<doc>Types the given ``text`` into the text field identified by ``locator``.</doc>
<msg timestamp="20220214 20:28:05.994" level="INFO">Typing text 'Chopda' into text field 'name=last-name'.</msg>
<status status="PASS" starttime="20220214 20:28:05.994" endtime="20220214 20:28:09.297"/>
</kw>
<status status="PASS" starttime="20220214 20:28:05.994" endtime="20220214 20:28:09.297"/>
</kw>
<kw name="Enter Email" library="login_page">
<arg>${email}</arg>
<kw name="Input Text" library="SeleniumLibrary">
<arg>${EMAIL_LOCATOR}</arg>
<arg>${email}</arg>
<doc>Types the given ``text`` into the text field identified by ``locator``.</doc>
<msg timestamp="20220214 20:28:09.297" level="INFO">Typing text 'harshadchopda1@gmail.com' into text field 'name=email'.</msg>
<status status="PASS" starttime="20220214 20:28:09.297" endtime="20220214 20:28:12.575"/>
</kw>
<status status="PASS" starttime="20220214 20:28:09.297" endtime="20220214 20:28:12.575"/>
</kw>
<kw name="Enter Company Name" library="login_page">
<arg>${company}</arg>
<kw name="Input Text" library="SeleniumLibrary">
<arg>${COMPANY_LOCATOR}</arg>
<arg>${company}</arg>
<doc>Types the given ``text`` into the text field identified by ``locator``.</doc>
<msg timestamp="20220214 20:28:12.575" level="INFO">Typing text 'Spirits' into text field 'name=company'.</msg>
<status status="PASS" starttime="20220214 20:28:12.575" endtime="20220214 20:28:15.738"/>
</kw>
<status status="PASS" starttime="20220214 20:28:12.575" endtime="20220214 20:28:15.738"/>
</kw>
<kw name="Enter Phone Number" library="login_page">
<arg>${phone}</arg>
<kw name="Input Text" library="SeleniumLibrary">
<arg>${PHONE_LOCATOR}</arg>
<arg>${phone}</arg>
<doc>Types the given ``text`` into the text field identified by ``locator``.</doc>
<msg timestamp="20220214 20:28:15.738" level="INFO">Typing text '9870011009' into text field 'name=phone'.</msg>
<status status="PASS" starttime="20220214 20:28:15.738" endtime="20220214 20:28:18.982"/>
</kw>
<status status="PASS" starttime="20220214 20:28:15.738" endtime="20220214 20:28:18.982"/>
</kw>
<kw name="Click Element" library="SeleniumLibrary">
<arg>link=Change</arg>
<doc>Click the element identified by ``locator``.</doc>
<msg timestamp="20220214 20:28:18.982" level="INFO">Clicking element 'link=Change'.</msg>
<status status="PASS" starttime="20220214 20:28:18.982" endtime="20220214 20:28:21.309"/>
</kw>
<kw name="Select From List By Label" library="SeleniumLibrary">
<arg>name=data-center-dropdown</arg>
<arg>${place}</arg>
<doc>Selects options from selection list ``locator`` by ``labels``.</doc>
<msg timestamp="20220214 20:28:21.309" level="INFO">Selecting options from selection list 'name=data-center-dropdown' by label Europe.</msg>
<status status="PASS" starttime="20220214 20:28:21.309" endtime="20220214 20:28:28.565"/>
</kw>
<kw name="Click Element" library="SeleniumLibrary">
<arg>xpath=//input[@value='Sign up for Free']</arg>
<doc>Click the element identified by ``locator``.</doc>
<msg timestamp="20220214 20:28:28.565" level="INFO">Clicking element 'xpath=//input[@value='Sign up for Free']'.</msg>
<status status="PASS" starttime="20220214 20:28:28.565" endtime="20220214 20:28:30.811"/>
</kw>
<kw name="Run Keyword And Ignore Error" library="BuiltIn">
<arg>Click Element</arg>
<arg>xpath=//div[contains(text(),'First name is required']</arg>
<arg>${expected_error}</arg>
<doc>Runs the given keyword with the given arguments and ignores possible error.</doc>
<kw name="Click Element" library="SeleniumLibrary">
<arg>xpath=//div[contains(text(),'First name is required']</arg>
<arg>${expected_error}</arg>
<doc>Click the element identified by ``locator``.</doc>
<msg timestamp="20220214 20:28:30.811" level="FAIL">Variable '${expected_error}' not found.</msg>
<status status="FAIL" starttime="20220214 20:28:30.811" endtime="20220214 20:28:30.811"/>
</kw>
<status status="PASS" starttime="20220214 20:28:30.811" endtime="20220214 20:28:30.811"/>
</kw>
<status status="PASS" starttime="20220214 20:28:02.734" endtime="20220214 20:28:30.811"/>
</kw>
<kw name="End Browser" library="common_functionality" type="TEARDOWN">
<kw name="Capture Page Screenshot" library="SeleniumLibrary">
<doc>Takes a screenshot of the current page and embeds it into a log file.</doc>
<msg timestamp="20220214 20:28:32.050" level="INFO" html="true">&lt;/td&gt;&lt;/tr&gt;&lt;tr&gt;&lt;td colspan="3"&gt;&lt;a href="screenshot/selenium-screenshot-2.png"&gt;&lt;img src="screenshot/selenium-screenshot-2.png" width="800px"&gt;&lt;/a&gt;</msg>
<status status="PASS" starttime="20220214 20:28:30.811" endtime="20220214 20:28:32.050"/>
</kw>
<kw name="Set Selenium Implicit Wait" library="SeleniumLibrary">
<arg>5s</arg>
<doc>Sets the implicit wait value used by Selenium.</doc>
<status status="PASS" starttime="20220214 20:28:32.050" endtime="20220214 20:28:33.052"/>
</kw>
<kw name="Close Browser" library="SeleniumLibrary">
<doc>Closes the current browser.</doc>
<status status="PASS" starttime="20220214 20:28:33.052" endtime="20220214 20:28:36.203"/>
</kw>
<status status="PASS" starttime="20220214 20:28:30.811" endtime="20220214 20:28:36.203"/>
</kw>
<status status="PASS" starttime="20220214 20:27:31.963" endtime="20220214 20:28:36.203"/>
</test>
<doc>This suit file handles 2 test case related to the
invalid message credentials</doc>
<status status="PASS" starttime="20220214 20:26:34.619" endtime="20220214 20:28:36.203"/>
</suite>
<statistics>
<total>
<stat pass="2" fail="0" skip="0">All Tests</stat>
</total>
<tag>
</tag>
<suite>
<stat pass="2" fail="0" skip="0" id="s1" name="Invalid Message Suite">Invalid Message Suite</stat>
</suite>
</statistics>
<errors>
<msg timestamp="20220214 20:27:31.963" level="WARN">Multiple test cases with name 'TC3' executed in test suite 'Invalid Message Suite'.</msg>
</errors>
</robot>
